Starting Dynare (version 5.0).
Calling Dynare with arguments: none
Starting preprocessing of the model file ...
Found 14 equation(s).
Evaluating expressions...done
Computing static model derivatives (order 1).
Computing dynamic model derivatives (order 2).
Processing outputs ...
done
Preprocessing completed.


STEADY-STATE RESULTS:

pi  		 6.93889e-18
gap 		 2.77556e-17
y   		 -0.195929
yn  		 -0.195929
i   		 0.0100503
rn  		 0
M   		 6.80545e-18
n   		 -0.293893
v   		 -6.80284e-20
a   		 0
pia 		 2.77556e-17
ia  		 0.0402013
ra  		 0.0402013
MA  		 2.72218e-17

EIGENVALUES:
         Modulus             Real        Imaginary

       1.665e-16       -1.665e-16                0
       5.371e-16        5.371e-16                0
             0.5              0.5                0
             0.9              0.9                0
           1.153            1.132           0.2197
           1.153            1.132          -0.2197
             Inf              Inf                0


There are 3 eigenvalue(s) larger than 1 in modulus 
for 3 forward-looking variable(s)

The rank condition is verified.

MODEL_DIAGNOSTICS:  No obvious problems with this mod-file were detected.
Total computing time : 0h00m01s
